# JRE version: Java(TM) SE Runtime Environment (21.0.2+13) (build 21.0.2+13-LTS-58)
# Java VM: Java HotSpot(TM) 64-Bit Server VM (21.0.2+13-LTS-58, mixed mode, sharing, tiered, compressed oops, compressed class ptrs, g1 gc, windows-amd64)
GC Precious Log:
 CardTable entry size: 512
 Card Set container configuration: InlinePtr #cards 5 size 8 Array Of Cards #cards 12 size 40 Howl #buckets 4 coarsen threshold 1843 Howl Bitmap #cards 512 size 80 coarsen threshold 460 Card regions per heap region 1 cards per card region 2048
 CPUs: 16 total, 16 available
 Memory: 15774M
 Large Page Support: Disabled
 NUMA Support: Disabled
 Compressed Oops: Enabled (32-bit)
 Heap Region Size: 1M
 Heap Min Capacity: 8M
 Heap Initial Capacity: 248M
 Heap Max Capacity: 2G
 Pre-touch: Disabled
 Parallel Workers: 13
 Concurrent Workers: 3
 Concurrent Refinement Workers: 13
 Periodic GC: Disabled
Heap:
 garbage-first heap   total 434176K, used 267607K [0x0000000080000000, 0x0000000100000000)
  region size 1024K, 138 young (141312K), 2 survivors (2048K)
 Metaspace       used 155381K, committed 159040K, reserved 1245184K
  class space    used 19757K, committed 21184K, reserved 1048576K
GC Heap History (20 events):
Event: 30786.247 GC heap before
{Heap before GC invocations=267 (full 0):
 garbage-first heap   total 451584K, used 449563K [0x0000000080000000, 0x0000000100000000)
  region size 1024K, 238 young (243712K), 12 survivors (12288K)
 Metaspace       used 155407K, committed 158144K, reserved 1245184K
  class space    used 19718K, committed 21120K, reserved 1048576K
}
Event: 30786.256 GC heap after
{Heap after GC invocations=268 (full 0):
 garbage-first heap   total 462848K, used 122643K [0x0000000080000000, 0x0000000100000000)
  region size 1024K, 11 young (11264K), 11 survivors (11264K)
 Metaspace       used 155407K, committed 158144K, reserved 1245184K
  class space    used 19718K, committed 21120K, reserved 1048576K
}
Event: 30793.902 GC heap before
{Heap before GC invocations=268 (full 0):
 garbage-first heap   total 462848K, used 398099K [0x0000000080000000, 0x0000000100000000)
  region size 1024K, 271 young (277504K), 11 survivors (11264K)
 Metaspace       used 156333K, committed 158848K, reserved 1245184K
  class space    used 19832K, committed 21184K, reserved 1048576K
}
Event: 30793.921 GC heap after
{Heap after GC invocations=269 (full 0):
 garbage-first heap   total 462848K, used 122541K [0x0000000080000000, 0x0000000100000000)
  region size 1024K, 13 young (13312K), 13 survivors (13312K)
 Metaspace       used 156333K, committed 158848K, reserved 1245184K
  class space    used 19832K, committed 21184K, reserved 1048576K
}
Event: 30793.978 GC heap before
{Heap before GC invocations=269 (full 0):
 garbage-first heap   total 462848K, used 132781K [0x0000000080000000, 0x0000000100000000)
  region size 1024K, 25 young (25600K), 13 survivors (13312K)
 Metaspace       used 156337K, committed 158848K, reserved 1245184K
  class space    used 19832K, committed 21184K, reserved 1048576K
}
Event: 30793.987 GC heap after
{Heap after GC invocations=270 (full 0):
 garbage-first heap   total 462848K, used 121105K [0x0000000080000000, 0x0000000100000000)
  region size 1024K, 14 young (14336K), 14 survivors (14336K)
 Metaspace       used 156337K, committed 158848K, reserved 1245184K
  class space    used 19832K, committed 21184K, reserved 1048576K
}
Event: 30836.437 GC heap before
{Heap before GC invocations=271 (full 0):
 garbage-first heap   total 462848K, used 461073K [0x0000000080000000, 0x0000000100000000)
  region size 1024K, 254 young (260096K), 14 survivors (14336K)
 Metaspace       used 156625K, committed 159232K, reserved 1245184K
  class space    used 19852K, committed 21184K, reserved 1048576K
}
Event: 30836.451 GC heap after
{Heap after GC invocations=272 (full 0):
 garbage-first heap   total 492544K, used 138358K [0x0000000080000000, 0x0000000100000000)
  region size 1024K, 29 young (29696K), 29 survivors (29696K)
 Metaspace       used 156625K, committed 159232K, reserved 1245184K
  class space    used 19852K, committed 21184K, reserved 1048576K
}
Event: 30858.404 GC heap before
{Heap before GC invocations=272 (full 0):
 garbage-first heap   total 492544K, used 490614K [0x0000000080000000, 0x0000000100000000)
  region size 1024K, 281 young (287744K), 29 survivors (29696K)
 Metaspace       used 156915K, committed 159488K, reserved 1245184K
  class space    used 19872K, committed 21184K, reserved 1048576K
}
Event: 30858.422 GC heap after
{Heap after GC invocations=273 (full 0):
 garbage-first heap   total 518144K, used 129779K [0x0000000080000000, 0x0000000100000000)
  region size 1024K, 18 young (18432K), 18 survivors (18432K)
 Metaspace       used 156915K, committed 159488K, reserved 1245184K
  class space    used 19872K, committed 21184K, reserved 1048576K
}
Event: 30858.424 GC heap before
{Heap before GC invocations=273 (full 0):
 garbage-first heap   total 518144K, used 129779K [0x0000000080000000, 0x0000000100000000)
  region size 1024K, 19 young (19456K), 18 survivors (18432K)
 Metaspace       used 156915K, committed 159488K, reserved 1245184K
  class space    used 19872K, committed 21184K, reserved 1048576K
}
Event: 30858.432 GC heap after
{Heap after GC invocations=274 (full 0):
 garbage-first heap   total 518144K, used 129282K [0x0000000080000000, 0x0000000100000000)
  region size 1024K, 18 young (18432K), 18 survivors (18432K)
 Metaspace       used 156915K, committed 159488K, reserved 1245184K
  class space    used 19872K, committed 21184K, reserved 1048576K
}
Event: 30900.572 GC heap before
{Heap before GC invocations=275 (full 0):
 garbage-first heap   total 467968K, used 466178K [0x0000000080000000, 0x0000000100000000)
  region size 1024K, 259 young (265216K), 18 survivors (18432K)
 Metaspace       used 155312K, committed 159040K, reserved 1245184K
  class space    used 19753K, committed 21184K, reserved 1048576K
}
Event: 30900.582 GC heap after
{Heap after GC invocations=276 (full 0):
 garbage-first heap   total 485376K, used 126709K [0x0000000080000000, 0x0000000100000000)
  region size 1024K, 17 young (17408K), 17 survivors (17408K)
 Metaspace       used 155312K, committed 159040K, reserved 1245184K
  class space    used 19753K, committed 21184K, reserved 1048576K
}
Event: 31027.588 GC heap before
{Heap before GC invocations=276 (full 0):
 garbage-first heap   total 520192K, used 518901K [0x0000000080000000, 0x0000000100000000)
  region size 1024K, 251 young (257024K), 17 survivors (17408K)
 Metaspace       used 155347K, committed 159040K, reserved 1245184K
  class space    used 19753K, committed 21184K, reserved 1048576K
}
Event: 31027.592 GC heap after
{Heap after GC invocations=277 (full 0):
 garbage-first heap   total 524288K, used 105337K [0x0000000080000000, 0x0000000100000000)
  region size 1024K, 3 young (3072K), 3 survivors (3072K)
 Metaspace       used 155347K, committed 159040K, reserved 1245184K
  class space    used 19753K, committed 21184K, reserved 1048576K
}
Event: 31070.794 GC heap before
{Heap before GC invocations=277 (full 0):
 garbage-first heap   total 524288K, used 180089K [0x0000000080000000, 0x0000000100000000)
  region size 1024K, 78 young (79872K), 3 survivors (3072K)
 Metaspace       used 155347K, committed 159040K, reserved 1245184K
  class space    used 19753K, committed 21184K, reserved 1048576K
}
Event: 31070.800 GC heap after
{Heap after GC invocations=278 (full 0):
 garbage-first heap   total 524288K, used 110654K [0x0000000080000000, 0x0000000100000000)
  region size 1024K, 9 young (9216K), 9 survivors (9216K)
 Metaspace       used 155347K, committed 159040K, reserved 1245184K
  class space    used 19753K, committed 21184K, reserved 1048576K
}
Event: 31080.233 GC heap before
{Heap before GC invocations=279 (full 0):
 garbage-first heap   total 432128K, used 429118K [0x0000000080000000, 0x0000000100000000)
  region size 1024K, 231 young (236544K), 9 survivors (9216K)
 Metaspace       used 155368K, committed 159040K, reserved 1245184K
  class space    used 19756K, committed 21184K, reserved 1048576K
}
Event: 31080.236 GC heap after
{Heap after GC invocations=280 (full 0):
 garbage-first heap   total 434176K, used 101719K [0x0000000080000000, 0x0000000100000000)
  region size 1024K, 2 young (2048K), 2 survivors (2048K)
 Metaspace       used 155368K, committed 159040K, reserved 1245184K
  class space    used 19756K, committed 21184K, reserved 1048576K
}

